app/build/intermediates/manifest_merge_blame_file/debug/manifest-merger-blame-debug-report.txt
1<?xml version="1.0" encoding="utf-8"?>
2<manifest xmlns:android="http://schemas.android.com/apk/res/android"
3    package="de.trackcovidcluster"
4    android:versionCode="1"
5    android:versionName="1.0" >
6
7    <uses-sdk
8        android:minSdkVersion="18"
8-->src\main\AndroidManifest.xml
9        android:targetSdkVersion="29" />
9-->src\main\AndroidManifest.xml
10
11    <!-- Permisions -->
12    <uses-permission
12-->src\main\AndroidManifest.xml:7:5-68
13        android:name="android.permission.BLUETOOTH"
13-->src\main\AndroidManifest.xml:7:22-65
14        android:required="false" />
14-->[org.altbeacon:android-beacon-library:2.16.4] AndroidManifest.xml:13:9-33
15    <uses-permission
15-->src\main\AndroidManifest.xml:8:5-74
16        android:name="android.permission.BLUETOOTH_ADMIN"
16-->src\main\AndroidManifest.xml:8:22-71
17        android:required="false" />
17-->[org.altbeacon:android-beacon-library:2.16.4] AndroidManifest.xml:16:9-33
18    <!--
19 If your app targets Android 9 or lower, you can declare
20         ACCESS_COARSE_LOCATION instead.
21    -->
22    <uses-permission android:name="android.permission.ACCESS_COARSE_LOCATION" /> <!-- For 10 or above -->
22-->src\main\AndroidManifest.xml:13:5-81
22-->src\main\AndroidManifest.xml:13:22-78
23    <uses-permission android:name="android.permission.ACCESS_FINE_LOCATION" />
23-->src\main\AndroidManifest.xml:14:5-79
23-->src\main\AndroidManifest.xml:14:22-76
24    <uses-permission android:name="android.permission.INTERNET" />
24-->src\main\AndroidManifest.xml:15:5-67
24-->src\main\AndroidManifest.xml:15:22-64
25
26    <uses-feature
26-->src\main\AndroidManifest.xml:17:5-19:35
27        android:name="android.hardware.bluetooth_le"
27-->src\main\AndroidManifest.xml:18:9-53
28        android:required="true" />
28-->src\main\AndroidManifest.xml:19:9-32
29
30    <uses-permission android:name="android.permission.RECEIVE_BOOT_COMPLETED" />
30-->[org.altbeacon:android-beacon-library:2.16.4] AndroidManifest.xml:17:5-81
30-->[org.altbeacon:android-beacon-library:2.16.4] AndroidManifest.xml:17:22-78
31    <uses-permission android:name="android.permission.WAKE_LOCK" />
31-->[androidx.work:work-runtime:2.3.4] AndroidManifest.xml:25:5-68
31-->[androidx.work:work-runtime:2.3.4] AndroidManifest.xml:25:22-65
32    <uses-permission android:name="android.permission.ACCESS_NETWORK_STATE" />
32-->[androidx.work:work-runtime:2.3.4] AndroidManifest.xml:26:5-79
32-->[androidx.work:work-runtime:2.3.4] AndroidManifest.xml:26:22-76
33    <uses-permission android:name="android.permission.FOREGROUND_SERVICE" />
33-->[androidx.work:work-runtime:2.3.4] AndroidManifest.xml:28:5-77
33-->[androidx.work:work-runtime:2.3.4] AndroidManifest.xml:28:22-74
34
35    <application
35-->src\main\AndroidManifest.xml:21:5-56:19
36        android:name="de.trackcovidcluster.TrackCovidClusterApplication"
36-->src\main\AndroidManifest.xml:22:9-53
37        android:allowBackup="true"
37-->src\main\AndroidManifest.xml:23:9-35
38        android:appComponentFactory="androidx.core.app.CoreComponentFactory"
38-->[androidx.core:core:1.2.0] AndroidManifest.xml:24:18-86
39        android:debuggable="true"
40        android:icon="@mipmap/ic_launcher"
40-->src\main\AndroidManifest.xml:24:9-43
41        android:label="@string/app_name"
41-->src\main\AndroidManifest.xml:25:9-41
42        android:roundIcon="@mipmap/ic_launcher_round"
42-->src\main\AndroidManifest.xml:26:9-54
43        android:supportsRtl="true"
43-->src\main\AndroidManifest.xml:27:9-35
44        android:testOnly="true"
45        android:theme="@style/AppTheme" >
45-->src\main\AndroidManifest.xml:28:9-40
46        <service
46-->src\main\AndroidManifest.xml:29:9-31:48
47            android:name="de.trackcovidcluster.tracking.MonitoringService"
47-->src\main\AndroidManifest.xml:30:13-55
48            android:exported="false" />
48-->src\main\AndroidManifest.xml:31:13-37
49
50        <activity
50-->src\main\AndroidManifest.xml:33:9-35:52
51            android:name="de.trackcovidcluster.changeStatus.ChangeStatusActivity"
51-->src\main\AndroidManifest.xml:34:13-62
52            android:screenOrientation="portrait" />
52-->src\main\AndroidManifest.xml:35:13-49
53        <activity
53-->src\main\AndroidManifest.xml:36:9-38:52
54            android:name="de.trackcovidcluster.status.StatusActivity"
54-->src\main\AndroidManifest.xml:37:13-50
55            android:screenOrientation="portrait" />
55-->src\main\AndroidManifest.xml:38:13-49
56        <activity
56-->src\main\AndroidManifest.xml:39:9-47:20
57            android:name="de.trackcovidcluster.main.MainActivity"
57-->src\main\AndroidManifest.xml:40:13-46
58            android:screenOrientation="portrait" >
58-->src\main\AndroidManifest.xml:41:13-49
59            <intent-filter>
59-->src\main\AndroidManifest.xml:42:13-46:29
60                <action android:name="android.intent.action.MAIN" />
60-->src\main\AndroidManifest.xml:43:17-69
60-->src\main\AndroidManifest.xml:43:25-66
61
62                <category android:name="android.intent.category.LAUNCHER" />
62-->src\main\AndroidManifest.xml:45:17-77
62-->src\main\AndroidManifest.xml:45:27-74
63            </intent-filter>
64        </activity>
65        <activity android:name="de.trackcovidcluster.MonitoringActivity" />
65-->src\main\AndroidManifest.xml:48:9-56
65-->src\main\AndroidManifest.xml:48:19-53
66        <activity android:name="de.trackcovidcluster.tracking.MonitoringActivity" />
66-->src\main\AndroidManifest.xml:49:9-65
66-->src\main\AndroidManifest.xml:49:19-62
67        <activity
67-->[com.google.android.gms:play-services-auth:17.0.0] AndroidManifest.xml:23:9-27:75
68            android:name="com.google.android.gms.auth.api.signin.internal.SignInHubActivity"
68-->[com.google.android.gms:play-services-auth:17.0.0] AndroidManifest.xml:24:13-93
69            android:excludeFromRecents="true"
69-->[com.google.android.gms:play-services-auth:17.0.0] AndroidManifest.xml:25:13-46
70            android:exported="false"
70-->[com.google.android.gms:play-services-auth:17.0.0] AndroidManifest.xml:26:13-37
71            android:theme="@android:style/Theme.Translucent.NoTitleBar" />
71-->[com.google.android.gms:play-services-auth:17.0.0] AndroidManifest.xml:27:13-72
72        <!--
73            Service handling Google Sign-In user revocation. For apps that do not integrate with
74            Google Sign-In, this service will never be started.
75        -->
76        <service
76-->[com.google.android.gms:play-services-auth:17.0.0] AndroidManifest.xml:33:9-36:110
77            android:name="com.google.android.gms.auth.api.signin.RevocationBoundService"
77-->[com.google.android.gms:play-services-auth:17.0.0] AndroidManifest.xml:34:13-89
78            android:exported="true"
78-->[com.google.android.gms:play-services-auth:17.0.0] AndroidManifest.xml:35:13-36
79            android:permission="com.google.android.gms.auth.api.signin.permission.REVOCATION_NOTIFICATION" />
79-->[com.google.android.gms:play-services-auth:17.0.0] AndroidManifest.xml:36:13-107
80
81        <activity
81-->[com.google.android.gms:play-services-base:17.0.0] AndroidManifest.xml:23:9-26:75
82            android:name="com.google.android.gms.common.api.GoogleApiActivity"
82-->[com.google.android.gms:play-services-base:17.0.0] AndroidManifest.xml:24:13-79
83            android:exported="false"
83-->[com.google.android.gms:play-services-base:17.0.0] AndroidManifest.xml:25:13-37
84            android:theme="@android:style/Theme.Translucent.NoTitleBar" />
84-->[com.google.android.gms:play-services-base:17.0.0] AndroidManifest.xml:26:13-72
85
86        <meta-data
86-->[com.google.android.gms:play-services-basement:17.0.0] AndroidManifest.xml:23:9-25:69
87            android:name="com.google.android.gms.version"
87-->[com.google.android.gms:play-services-basement:17.0.0] AndroidManifest.xml:24:13-58
88            android:value="@integer/google_play_services_version" />
88-->[com.google.android.gms:play-services-basement:17.0.0] AndroidManifest.xml:25:13-66
89
90        <receiver android:name="org.altbeacon.beacon.startup.StartupBroadcastReceiver" >
90-->[org.altbeacon:android-beacon-library:2.16.4] AndroidManifest.xml:21:9-27:20
90-->[org.altbeacon:android-beacon-library:2.16.4] AndroidManifest.xml:21:19-87
91            <intent-filter>
91-->[org.altbeacon:android-beacon-library:2.16.4] AndroidManifest.xml:22:13-26:29
92                <action android:name="android.intent.action.BOOT_COMPLETED" />
92-->[org.altbeacon:android-beacon-library:2.16.4] AndroidManifest.xml:23:17-79
92-->[org.altbeacon:android-beacon-library:2.16.4] AndroidManifest.xml:23:25-76
93                <action android:name="android.intent.action.ACTION_POWER_CONNECTED" />
93-->[org.altbeacon:android-beacon-library:2.16.4] AndroidManifest.xml:24:17-87
93-->[org.altbeacon:android-beacon-library:2.16.4] AndroidManifest.xml:24:25-84
94                <action android:name="android.intent.action.ACTION_POWER_DISCONNECTED" />
94-->[org.altbeacon:android-beacon-library:2.16.4] AndroidManifest.xml:25:17-90
94-->[org.altbeacon:android-beacon-library:2.16.4] AndroidManifest.xml:25:25-87
95            </intent-filter>
96        </receiver>
97
98        <service
98-->[org.altbeacon:android-beacon-library:2.16.4] AndroidManifest.xml:29:9-34:38
99            android:name="org.altbeacon.beacon.service.BeaconService"
99-->[org.altbeacon:android-beacon-library:2.16.4] AndroidManifest.xml:30:13-70
100            android:enabled="true"
100-->[org.altbeacon:android-beacon-library:2.16.4] AndroidManifest.xml:31:13-35
101            android:exported="false"
101-->[org.altbeacon:android-beacon-library:2.16.4] AndroidManifest.xml:32:13-37
102            android:isolatedProcess="false"
102-->[org.altbeacon:android-beacon-library:2.16.4] AndroidManifest.xml:33:13-44
103            android:label="beacon" />
103-->[org.altbeacon:android-beacon-library:2.16.4] AndroidManifest.xml:34:13-35
104        <service
104-->[org.altbeacon:android-beacon-library:2.16.4] AndroidManifest.xml:35:9-38:40
105            android:name="org.altbeacon.beacon.BeaconIntentProcessor"
105-->[org.altbeacon:android-beacon-library:2.16.4] AndroidManifest.xml:36:13-70
106            android:enabled="true"
106-->[org.altbeacon:android-beacon-library:2.16.4] AndroidManifest.xml:37:13-35
107            android:exported="false" />
107-->[org.altbeacon:android-beacon-library:2.16.4] AndroidManifest.xml:38:13-37
108        <service
108-->[org.altbeacon:android-beacon-library:2.16.4] AndroidManifest.xml:39:9-48:19
109            android:name="org.altbeacon.beacon.service.ScanJob"
109-->[org.altbeacon:android-beacon-library:2.16.4] AndroidManifest.xml:40:13-64
110            android:permission="android.permission.BIND_JOB_SERVICE" >
110-->[org.altbeacon:android-beacon-library:2.16.4] AndroidManifest.xml:41:13-69
111            <meta-data
111-->[org.altbeacon:android-beacon-library:2.16.4] AndroidManifest.xml:42:13-44:45
112                android:name="immediateScanJobId"
112-->[org.altbeacon:android-beacon-library:2.16.4] AndroidManifest.xml:43:17-50
113                android:value="208352939" />
113-->[org.altbeacon:android-beacon-library:2.16.4] AndroidManifest.xml:44:17-42
114            <meta-data
114-->[org.altbeacon:android-beacon-library:2.16.4] AndroidManifest.xml:45:13-47:45
115                android:name="periodicScanJobId"
115-->[org.altbeacon:android-beacon-library:2.16.4] AndroidManifest.xml:46:17-49
116                android:value="208352940" />
116-->[org.altbeacon:android-beacon-library:2.16.4] AndroidManifest.xml:47:17-42
117        </service>
118        <service
118-->[org.altbeacon:android-beacon-library:2.16.4] AndroidManifest.xml:49:9-55:19
119            android:name="org.altbeacon.bluetooth.BluetoothTestJob"
119-->[org.altbeacon:android-beacon-library:2.16.4] AndroidManifest.xml:50:13-68
120            android:permission="android.permission.BIND_JOB_SERVICE" >
120-->[org.altbeacon:android-beacon-library:2.16.4] AndroidManifest.xml:51:13-69
121            <meta-data
121-->[org.altbeacon:android-beacon-library:2.16.4] AndroidManifest.xml:52:13-54:46
122                android:name="jobId"
122-->[org.altbeacon:android-beacon-library:2.16.4] AndroidManifest.xml:53:17-37
123                android:value="1799803768" />
123-->[org.altbeacon:android-beacon-library:2.16.4] AndroidManifest.xml:54:17-43
124        </service>
125        <service
125-->[androidx.work:work-runtime:2.3.4] AndroidManifest.xml:39:9-44:35
126            android:name="androidx.work.impl.background.systemalarm.SystemAlarmService"
126-->[androidx.work:work-runtime:2.3.4] AndroidManifest.xml:40:13-88
127            android:directBootAware="false"
127-->[androidx.work:work-runtime:2.3.4] AndroidManifest.xml:41:13-44
128            android:enabled="@bool/enable_system_alarm_service_default"
128-->[androidx.work:work-runtime:2.3.4] AndroidManifest.xml:42:13-72
129            android:exported="false" />
129-->[androidx.work:work-runtime:2.3.4] AndroidManifest.xml:43:13-37
130        <service
130-->[androidx.work:work-runtime:2.3.4] AndroidManifest.xml:45:9-51:35
131            android:name="androidx.work.impl.background.systemjob.SystemJobService"
131-->[androidx.work:work-runtime:2.3.4] AndroidManifest.xml:46:13-84
132            android:directBootAware="false"
132-->[androidx.work:work-runtime:2.3.4] AndroidManifest.xml:47:13-44
133            android:enabled="@bool/enable_system_job_service_default"
133-->[androidx.work:work-runtime:2.3.4] AndroidManifest.xml:48:13-70
134            android:exported="true"
134-->[androidx.work:work-runtime:2.3.4] AndroidManifest.xml:49:13-36
135            android:permission="android.permission.BIND_JOB_SERVICE" />
135-->[androidx.work:work-runtime:2.3.4] AndroidManifest.xml:50:13-69
136        <service
136-->[androidx.work:work-runtime:2.3.4] AndroidManifest.xml:52:9-57:35
137            android:name="androidx.work.impl.foreground.SystemForegroundService"
137-->[androidx.work:work-runtime:2.3.4] AndroidManifest.xml:53:13-81
138            android:directBootAware="false"
138-->[androidx.work:work-runtime:2.3.4] AndroidManifest.xml:54:13-44
139            android:enabled="@bool/enable_system_foreground_service_default"
139-->[androidx.work:work-runtime:2.3.4] AndroidManifest.xml:55:13-77
140            android:exported="false" />
140-->[androidx.work:work-runtime:2.3.4] AndroidManifest.xml:56:13-37
141
142        <receiver
142-->[androidx.work:work-runtime:2.3.4] AndroidManifest.xml:59:9-64:35
143            android:name="androidx.work.impl.utils.ForceStopRunnable$BroadcastReceiver"
143-->[androidx.work:work-runtime:2.3.4] AndroidManifest.xml:60:13-88
144            android:directBootAware="false"
144-->[androidx.work:work-runtime:2.3.4] AndroidManifest.xml:61:13-44
145            android:enabled="true"
145-->[androidx.work:work-runtime:2.3.4] AndroidManifest.xml:62:13-35
146            android:exported="false" />
146-->[androidx.work:work-runtime:2.3.4] AndroidManifest.xml:63:13-37
147        <receiver
147-->[androidx.work:work-runtime:2.3.4] AndroidManifest.xml:65:9-75:20
148            android:name="androidx.work.impl.background.systemalarm.ConstraintProxy$BatteryChargingProxy"
148-->[androidx.work:work-runtime:2.3.4] AndroidManifest.xml:66:13-106
149            android:directBootAware="false"
149-->[androidx.work:work-runtime:2.3.4] AndroidManifest.xml:67:13-44
150            android:enabled="false"
150-->[androidx.work:work-runtime:2.3.4] AndroidManifest.xml:68:13-36
151            android:exported="false" >
151-->[androidx.work:work-runtime:2.3.4] AndroidManifest.xml:69:13-37
152            <intent-filter>
152-->[androidx.work:work-runtime:2.3.4] AndroidManifest.xml:71:13-74:29
153                <action android:name="android.intent.action.ACTION_POWER_CONNECTED" />
153-->[org.altbeacon:android-beacon-library:2.16.4] AndroidManifest.xml:24:17-87
153-->[org.altbeacon:android-beacon-library:2.16.4] AndroidManifest.xml:24:25-84
154                <action android:name="android.intent.action.ACTION_POWER_DISCONNECTED" />
154-->[org.altbeacon:android-beacon-library:2.16.4] AndroidManifest.xml:25:17-90
154-->[org.altbeacon:android-beacon-library:2.16.4] AndroidManifest.xml:25:25-87
155            </intent-filter>
156        </receiver>
157        <receiver
157-->[androidx.work:work-runtime:2.3.4] AndroidManifest.xml:76:9-86:20
158            android:name="androidx.work.impl.background.systemalarm.ConstraintProxy$BatteryNotLowProxy"
158-->[androidx.work:work-runtime:2.3.4] AndroidManifest.xml:77:13-104
159            android:directBootAware="false"
159-->[androidx.work:work-runtime:2.3.4] AndroidManifest.xml:78:13-44
160            android:enabled="false"
160-->[androidx.work:work-runtime:2.3.4] AndroidManifest.xml:79:13-36
161            android:exported="false" >
161-->[androidx.work:work-runtime:2.3.4] AndroidManifest.xml:80:13-37
162            <intent-filter>
162-->[androidx.work:work-runtime:2.3.4] AndroidManifest.xml:82:13-85:29
163                <action android:name="android.intent.action.BATTERY_OKAY" />
163-->[androidx.work:work-runtime:2.3.4] AndroidManifest.xml:83:17-77
163-->[androidx.work:work-runtime:2.3.4] AndroidManifest.xml:83:25-74
164                <action android:name="android.intent.action.BATTERY_LOW" />
164-->[androidx.work:work-runtime:2.3.4] AndroidManifest.xml:84:17-76
164-->[androidx.work:work-runtime:2.3.4] AndroidManifest.xml:84:25-73
165            </intent-filter>
166        </receiver>
167        <receiver
167-->[androidx.work:work-runtime:2.3.4] AndroidManifest.xml:87:9-97:20
168            android:name="androidx.work.impl.background.systemalarm.ConstraintProxy$StorageNotLowProxy"
168-->[androidx.work:work-runtime:2.3.4] AndroidManifest.xml:88:13-104
169            android:directBootAware="false"
169-->[androidx.work:work-runtime:2.3.4] AndroidManifest.xml:89:13-44
170            android:enabled="false"
170-->[androidx.work:work-runtime:2.3.4] AndroidManifest.xml:90:13-36
171            android:exported="false" >
171-->[androidx.work:work-runtime:2.3.4] AndroidManifest.xml:91:13-37
172            <intent-filter>
172-->[androidx.work:work-runtime:2.3.4] AndroidManifest.xml:93:13-96:29
173                <action android:name="android.intent.action.DEVICE_STORAGE_LOW" />
173-->[androidx.work:work-runtime:2.3.4] AndroidManifest.xml:94:17-83
173-->[androidx.work:work-runtime:2.3.4] AndroidManifest.xml:94:25-80
174                <action android:name="android.intent.action.DEVICE_STORAGE_OK" />
174-->[androidx.work:work-runtime:2.3.4] AndroidManifest.xml:95:17-82
174-->[androidx.work:work-runtime:2.3.4] AndroidManifest.xml:95:25-79
175            </intent-filter>
176        </receiver>
177        <receiver
177-->[androidx.work:work-runtime:2.3.4] AndroidManifest.xml:98:9-107:20
178            android:name="androidx.work.impl.background.systemalarm.ConstraintProxy$NetworkStateProxy"
178-->[androidx.work:work-runtime:2.3.4] AndroidManifest.xml:99:13-103
179            android:directBootAware="false"
179-->[androidx.work:work-runtime:2.3.4] AndroidManifest.xml:100:13-44
180            android:enabled="false"
180-->[androidx.work:work-runtime:2.3.4] AndroidManifest.xml:101:13-36
181            android:exported="false" >
181-->[androidx.work:work-runtime:2.3.4] AndroidManifest.xml:102:13-37
182            <intent-filter>
182-->[androidx.work:work-runtime:2.3.4] AndroidManifest.xml:104:13-106:29
183                <action android:name="android.net.conn.CONNECTIVITY_CHANGE" />
183-->[androidx.work:work-runtime:2.3.4] AndroidManifest.xml:105:17-79
183-->[androidx.work:work-runtime:2.3.4] AndroidManifest.xml:105:25-76
184            </intent-filter>
185        </receiver>
186        <receiver
186-->[androidx.work:work-runtime:2.3.4] AndroidManifest.xml:108:9-119:20
187            android:name="androidx.work.impl.background.systemalarm.RescheduleReceiver"
187-->[androidx.work:work-runtime:2.3.4] AndroidManifest.xml:109:13-88
188            android:directBootAware="false"
188-->[androidx.work:work-runtime:2.3.4] AndroidManifest.xml:110:13-44
189            android:enabled="false"
189-->[androidx.work:work-runtime:2.3.4] AndroidManifest.xml:111:13-36
190            android:exported="false" >
190-->[androidx.work:work-runtime:2.3.4] AndroidManifest.xml:112:13-37
191            <intent-filter>
191-->[androidx.work:work-runtime:2.3.4] AndroidManifest.xml:114:13-118:29
192                <action android:name="android.intent.action.BOOT_COMPLETED" />
192-->[org.altbeacon:android-beacon-library:2.16.4] AndroidManifest.xml:23:17-79
192-->[org.altbeacon:android-beacon-library:2.16.4] AndroidManifest.xml:23:25-76
193                <action android:name="android.intent.action.TIME_SET" />
193-->[androidx.work:work-runtime:2.3.4] AndroidManifest.xml:116:17-73
193-->[androidx.work:work-runtime:2.3.4] AndroidManifest.xml:116:25-70
194                <action android:name="android.intent.action.TIMEZONE_CHANGED" />
194-->[androidx.work:work-runtime:2.3.4] AndroidManifest.xml:117:17-81
194-->[androidx.work:work-runtime:2.3.4] AndroidManifest.xml:117:25-78
195            </intent-filter>
196        </receiver>
197        <receiver
197-->[androidx.work:work-runtime:2.3.4] AndroidManifest.xml:120:9-129:20
198            android:name="androidx.work.impl.background.systemalarm.ConstraintProxyUpdateReceiver"
198-->[androidx.work:work-runtime:2.3.4] AndroidManifest.xml:121:13-99
199            android:directBootAware="false"
199-->[androidx.work:work-runtime:2.3.4] AndroidManifest.xml:122:13-44
200            android:enabled="@bool/enable_system_alarm_service_default"
200-->[androidx.work:work-runtime:2.3.4] AndroidManifest.xml:123:13-72
201            android:exported="false" >
201-->[androidx.work:work-runtime:2.3.4] AndroidManifest.xml:124:13-37
202            <intent-filter>
202-->[androidx.work:work-runtime:2.3.4] AndroidManifest.xml:126:13-128:29
203                <action android:name="androidx.work.impl.background.systemalarm.UpdateProxies" />
203-->[androidx.work:work-runtime:2.3.4] AndroidManifest.xml:127:17-98
203-->[androidx.work:work-runtime:2.3.4] AndroidManifest.xml:127:25-95
204            </intent-filter>
205        </receiver>
206
207        <service
207-->[androidx.room:room-runtime:2.2.3] AndroidManifest.xml:25:9-27:40
208            android:name="androidx.room.MultiInstanceInvalidationService"
208-->[androidx.room:room-runtime:2.2.3] AndroidManifest.xml:26:13-74
209            android:exported="false" />
209-->[androidx.room:room-runtime:2.2.3] AndroidManifest.xml:27:13-37
210
211        <provider
211-->[androidx.lifecycle:lifecycle-process:2.0.0] AndroidManifest.xml:23:9-27:43
212            android:name="androidx.lifecycle.ProcessLifecycleOwnerInitializer"
212-->[androidx.lifecycle:lifecycle-process:2.0.0] AndroidManifest.xml:24:13-79
213            android:authorities="de.trackcovidcluster.lifecycle-process"
213-->[androidx.lifecycle:lifecycle-process:2.0.0] AndroidManifest.xml:25:13-69
214            android:exported="false"
214-->[androidx.lifecycle:lifecycle-process:2.0.0] AndroidManifest.xml:26:13-37
215            android:multiprocess="true" />
215-->[androidx.lifecycle:lifecycle-process:2.0.0] AndroidManifest.xml:27:13-40
216    </application>
217
218</manifest>